# JRE version: OpenJDK Runtime Environment (8.0_352-b08) (build 1.8.0_352-b08)
# Java VM: OpenJDK 64-Bit Server VM (25.352-b08 mixed mode windows-amd64 compressed oops)
Heap:
 PSYoungGen      total 692224K, used 155717K [0x0000000715b80000, 0x0000000743f80000, 0x00000007c0000000)
  eden space 627712K, 24% used [0x0000000715b80000,0x000000071f391630,0x000000073c080000)
  from space 64512K, 0% used [0x0000000740080000,0x0000000740080000,0x0000000743f80000)
  to   space 65024K, 0% used [0x000000073c080000,0x000000073c080000,0x0000000740000000)
 ParOldGen       total 345600K, used 130664K [0x00000005c1200000, 0x00000005d6380000, 0x0000000715b80000)
  object space 345600K, 37% used [0x00000005c1200000,0x00000005c919a350,0x00000005d6380000)
 Metaspace       used 40528K, capacity 41559K, committed 41600K, reserved 1087488K
  class space    used 4210K, capacity 4444K, committed 4480K, reserved 1048576K
GC Heap History (10 events):
Event: 80.422 GC heap before
{Heap before GC invocations=19 (full 7):
 PSYoungGen      total 470528K, used 457728K [0x0000000715b80000, 0x000000073a180000, 0x00000007c0000000)
  eden space 457728K, 100% used [0x0000000715b80000,0x0000000731a80000,0x0000000731a80000)
  from space 12800K, 0% used [0x0000000731a80000,0x0000000731a80000,0x0000000732700000)
  to   space 69120K, 0% used [0x0000000735e00000,0x0000000735e00000,0x000000073a180000)
 ParOldGen       total 345600K, used 133180K [0x00000005c1200000, 0x00000005d6380000, 0x0000000715b80000)
  object space 345600K, 38% used [0x00000005c1200000,0x00000005c940f3e0,0x00000005d6380000)
 Metaspace       used 39386K, capacity 40483K, committed 40576K, reserved 1085440K
  class space    used 4181K, capacity 4422K, committed 4480K, reserved 1048576K
Event: 80.427 GC heap after
Heap after GC invocations=19 (full 7):
 PSYoungGen      total 529408K, used 17877K [0x0000000715b80000, 0x0000000744280000, 0x00000007c0000000)
  eden space 460288K, 0% used [0x0000000715b80000,0x0000000715b80000,0x0000000731d00000)
  from space 69120K, 25% used [0x0000000735e00000,0x0000000736f756a0,0x000000073a180000)
  to   space 66560K, 0% used [0x0000000731d00000,0x0000000731d00000,0x0000000735e00000)
 ParOldGen       total 345600K, used 133188K [0x00000005c1200000, 0x00000005d6380000, 0x0000000715b80000)
  object space 345600K, 38% used [0x00000005c1200000,0x00000005c94113e0,0x00000005d6380000)
 Metaspace       used 39386K, capacity 40483K, committed 40576K, reserved 1085440K
  class space    used 4181K, capacity 4422K, committed 4480K, reserved 1048576K
}
Event: 115.886 GC heap before
{Heap before GC invocations=20 (full 7):
 PSYoungGen      total 529408K, used 204609K [0x0000000715b80000, 0x0000000744280000, 0x00000007c0000000)
  eden space 460288K, 40% used [0x0000000715b80000,0x00000007211dafc0,0x0000000731d00000)
  from space 69120K, 25% used [0x0000000735e00000,0x0000000736f756a0,0x000000073a180000)
  to   space 66560K, 0% used [0x0000000731d00000,0x0000000731d00000,0x0000000735e00000)
 ParOldGen       total 345600K, used 133188K [0x00000005c1200000, 0x00000005d6380000, 0x0000000715b80000)
  object space 345600K, 38% used [0x00000005c1200000,0x00000005c94113e0,0x00000005d6380000)
 Metaspace       used 39794K, capacity 40861K, committed 41088K, reserved 1085440K
  class space    used 4192K, capacity 4433K, committed 4480K, reserved 1048576K
Event: 115.890 GC heap after
Heap after GC invocations=20 (full 7):
 PSYoungGen      total 526848K, used 8433K [0x0000000715b80000, 0x0000000744080000, 0x00000007c0000000)
  eden space 460288K, 0% used [0x0000000715b80000,0x0000000715b80000,0x0000000731d00000)
  from space 66560K, 12% used [0x0000000731d00000,0x000000073253c480,0x0000000735e00000)
  to   space 65536K, 0% used [0x0000000740080000,0x0000000740080000,0x0000000744080000)
 ParOldGen       total 345600K, used 133196K [0x00000005c1200000, 0x00000005d6380000, 0x0000000715b80000)
  object space 345600K, 38% used [0x00000005c1200000,0x00000005c94133e0,0x00000005d6380000)
 Metaspace       used 39794K, capacity 40861K, committed 41088K, reserved 1085440K
  class space    used 4192K, capacity 4433K, committed 4480K, reserved 1048576K
}
Event: 115.890 GC heap before
{Heap before GC invocations=21 (full 8):
 PSYoungGen      total 526848K, used 8433K [0x0000000715b80000, 0x0000000744080000, 0x00000007c0000000)
  eden space 460288K, 0% used [0x0000000715b80000,0x0000000715b80000,0x0000000731d00000)
  from space 66560K, 12% used [0x0000000731d00000,0x000000073253c480,0x0000000735e00000)
  to   space 65536K, 0% used [0x0000000740080000,0x0000000740080000,0x0000000744080000)
 ParOldGen       total 345600K, used 133196K [0x00000005c1200000, 0x00000005d6380000, 0x0000000715b80000)
  object space 345600K, 38% used [0x00000005c1200000,0x00000005c94133e0,0x00000005d6380000)
 Metaspace       used 39794K, capacity 40861K, committed 41088K, reserved 1085440K
  class space    used 4192K, capacity 4433K, committed 4480K, reserved 1048576K
Event: 115.985 GC heap after
Heap after GC invocations=21 (full 8):
 PSYoungGen      total 526848K, used 0K [0x0000000715b80000, 0x0000000744080000, 0x00000007c0000000)
  eden space 460288K, 0% used [0x0000000715b80000,0x0000000715b80000,0x0000000731d00000)
  from space 66560K, 0% used [0x0000000731d00000,0x0000000731d00000,0x0000000735e00000)
  to   space 65536K, 0% used [0x0000000740080000,0x0000000740080000,0x0000000744080000)
 ParOldGen       total 345600K, used 127528K [0x00000005c1200000, 0x00000005d6380000, 0x0000000715b80000)
  object space 345600K, 36% used [0x00000005c1200000,0x00000005c8e8a140,0x00000005d6380000)
 Metaspace       used 39794K, capacity 40861K, committed 41088K, reserved 1085440K
  class space    used 4192K, capacity 4433K, committed 4480K, reserved 1048576K
}
Event: 116.026 GC heap before
{Heap before GC invocations=22 (full 8):
 PSYoungGen      total 526848K, used 15007K [0x0000000715b80000, 0x0000000744080000, 0x00000007c0000000)
  eden space 460288K, 3% used [0x0000000715b80000,0x0000000716a27dc0,0x0000000731d00000)
  from space 66560K, 0% used [0x0000000731d00000,0x0000000731d00000,0x0000000735e00000)
  to   space 65536K, 0% used [0x0000000740080000,0x0000000740080000,0x0000000744080000)
 ParOldGen       total 345600K, used 127528K [0x00000005c1200000, 0x00000005d6380000, 0x0000000715b80000)
  object space 345600K, 36% used [0x00000005c1200000,0x00000005c8e8a140,0x00000005d6380000)
 Metaspace       used 39797K, capacity 40867K, committed 41088K, reserved 1085440K
  class space    used 4193K, capacity 4434K, committed 4480K, reserved 1048576K
Event: 116.031 GC heap after
Heap after GC invocations=22 (full 8):
 PSYoungGen      total 692224K, used 5248K [0x0000000715b80000, 0x0000000743f80000, 0x00000007c0000000)
  eden space 627712K, 0% used [0x0000000715b80000,0x0000000715b80000,0x000000073c080000)
  from space 64512K, 8% used [0x0000000740080000,0x00000007405a0000,0x0000000743f80000)
  to   space 65024K, 0% used [0x000000073c080000,0x000000073c080000,0x0000000740000000)
 ParOldGen       total 345600K, used 127528K [0x00000005c1200000, 0x00000005d6380000, 0x0000000715b80000)
  object space 345600K, 36% used [0x00000005c1200000,0x00000005c8e8a140,0x00000005d6380000)
 Metaspace       used 39797K, capacity 40867K, committed 41088K, reserved 1085440K
  class space    used 4193K, capacity 4434K, committed 4480K, reserved 1048576K
}
Event: 116.031 GC heap before
{Heap before GC invocations=23 (full 9):
 PSYoungGen      total 692224K, used 5248K [0x0000000715b80000, 0x0000000743f80000, 0x00000007c0000000)
  eden space 627712K, 0% used [0x0000000715b80000,0x0000000715b80000,0x000000073c080000)
  from space 64512K, 8% used [0x0000000740080000,0x00000007405a0000,0x0000000743f80000)
  to   space 65024K, 0% used [0x000000073c080000,0x000000073c080000,0x0000000740000000)
 ParOldGen       total 345600K, used 127528K [0x00000005c1200000, 0x00000005d6380000, 0x0000000715b80000)
  object space 345600K, 36% used [0x00000005c1200000,0x00000005c8e8a140,0x00000005d6380000)
 Metaspace       used 39797K, capacity 40867K, committed 41088K, reserved 1085440K
  class space    used 4193K, capacity 4434K, committed 4480K, reserved 1048576K
Event: 116.097 GC heap after
Heap after GC invocations=23 (full 9):
 PSYoungGen      total 692224K, used 0K [0x0000000715b80000, 0x0000000743f80000, 0x00000007c0000000)
  eden space 627712K, 0% used [0x0000000715b80000,0x0000000715b80000,0x000000073c080000)
  from space 64512K, 0% used [0x0000000740080000,0x0000000740080000,0x0000000743f80000)
  to   space 65024K, 0% used [0x000000073c080000,0x000000073c080000,0x0000000740000000)
 ParOldGen       total 345600K, used 130664K [0x00000005c1200000, 0x00000005d6380000, 0x0000000715b80000)
  object space 345600K, 37% used [0x00000005c1200000,0x00000005c919a350,0x00000005d6380000)
 Metaspace       used 39797K, capacity 40867K, committed 41088K, reserved 1085440K
  class space    used 4193K, capacity 4434K, committed 4480K, reserved 1048576K
}

